app/dashboard/page.tsx(3,37): error TS2307: Cannot find module '@/hooks/useHyperliquidPrice' or its corresponding type declarations.
app/dashboard/page.tsx(4,28): error TS2307: Cannot find module '@/components/StatsDashboard' or its corresponding type declarations.
app/dashboard/page.tsx(5,30): error TS2307: Cannot find module '@/components/TradingChart' or its corresponding type declarations.
app/dashboard/page.tsx(6,26): error TS2307: Cannot find module '@/components/ControlPanel' or its corresponding type declarations.
app/dashboard/page.tsx(12,21): error TS2307: Cannot find module '@/convex/_generated/api' or its corresponding type declarations.
app/dashboard/page.tsx(14,33): error TS2307: Cannot find module '@/lib/agent-setup' or its corresponding type declarations.
node_modules/.pnpm/@privy-io+js-sdk-core@0.55._d8c54dbb64318723d93be7142b9adbd7/node_modules/@privy-io/js-sdk-core/dist/dts/index.d.mts(21,31): error TS2307: Cannot find module '@wallet-standard/core' or its corresponding type declarations.
node_modules/.pnpm/@privy-io+js-sdk-core@0.55._d8c54dbb64318723d93be7142b9adbd7/node_modules/@privy-io/js-sdk-core/dist/dts/index.d.mts(539,79): error TS2552: Cannot find name 'PrivyRecoveryInput'. Did you mean 'AppKeyRecoveryInput'?
node_modules/.pnpm/@privy-io+js-sdk-core@0.55._d8c54dbb64318723d93be7142b9adbd7/node_modules/@privy-io/js-sdk-core/dist/dts/index.d.mts(5272,46): error TS2552: Cannot find name 'WALLET_CONNECT_WALLET_CLIENT_TYPES'. Did you mean 'ALL_WALLET_CLIENT_TYPES'?
node_modules/.pnpm/@privy-io+js-sdk-core@0.55._d8c54dbb64318723d93be7142b9adbd7/node_modules/@privy-io/js-sdk-core/dist/dts/index.d.ts(21,31): error TS2307: Cannot find module '@wallet-standard/core' or its corresponding type declarations.
node_modules/.pnpm/@privy-io+js-sdk-core@0.55._d8c54dbb64318723d93be7142b9adbd7/node_modules/@privy-io/js-sdk-core/dist/dts/index.d.ts(539,79): error TS2552: Cannot find name 'PrivyRecoveryInput'. Did you mean 'AppKeyRecoveryInput'?
node_modules/.pnpm/@privy-io+js-sdk-core@0.55._d8c54dbb64318723d93be7142b9adbd7/node_modules/@privy-io/js-sdk-core/dist/dts/index.d.ts(5272,46): error TS2552: Cannot find name 'WALLET_CONNECT_WALLET_CLIENT_TYPES'. Did you mean 'ALL_WALLET_CLIENT_TYPES'?
node_modules/.pnpm/@privy-io+react-auth@2.25.0_45576ff035a76265f5fae64a94a64259/node_modules/@privy-io/react-auth/dist/dts/index.d.mts(1375,76): error TS2503: Cannot find namespace 'JSX'.
node_modules/.pnpm/@privy-io+react-auth@2.25.0_45576ff035a76265f5fae64a94a64259/node_modules/@privy-io/react-auth/dist/dts/types-B_DvyjIb.d.ts(321,9): error TS2717: Subsequent property declarations must have the same type.  Property 'ethereum' must be of type 'Record<string, unknown>', but here has type 'any'.
node_modules/.pnpm/@privy-io+react-auth@2.25.0_45576ff035a76265f5fae64a94a64259/node_modules/@privy-io/react-auth/dist/dts/types-B_DvyjIb.d.ts(351,28): error TS2304: Cannot find name 'SOLANA_CHAINS'.
node_modules/.pnpm/@privy-io+react-auth@2.25.0_45576ff035a76265f5fae64a94a64259/node_modules/@privy-io/react-auth/dist/dts/types-B_DvyjIb.d.ts(595,46): error TS2304: Cannot find name 'WALLET_CONNECT_WALLET_CLIENT_TYPES'.
node_modules/.pnpm/@privy-io+react-auth@2.25.0_45576ff035a76265f5fae64a94a64259/node_modules/@privy-io/react-auth/dist/dts/types-B_DvyjIb.d.ts(609,21): error TS2304: Cannot find name 'EmbeddedSVG'.
node_modules/.pnpm/@privy-io+react-auth@2.25.0_45576ff035a76265f5fae64a94a64259/node_modules/@privy-io/react-auth/dist/dts/types-B_DvyjIb.d.ts(756,22): error TS2552: Cannot find name 'RecoveryMethod'. Did you mean 'UserRecoveryMethod'?
node_modules/.pnpm/@privy-io+react-auth@2.25.0_45576ff035a76265f5fae64a94a64259/node_modules/@privy-io/react-auth/dist/dts/types-B_DvyjIb.d.ts(1897,66): error TS2339: Property 'footerLogo' does not exist on type '{ theme?: "dark" | "light" | `#${string}`; accentColor?: `#${string}`; logo?: string | ReactElement<unknown, string | JSXElementConstructor<any>>; landingHeader?: string; loginMessage?: string; showWalletLoginFirst?: boolean; walletList?: WalletListEntry[]; walletChainType?: "ethereum-only" | ... 1 more ... | "ether...'.
node_modules/.pnpm/@privy-io+react-auth@2.25.0_45576ff035a76265f5fae64a94a64259/node_modules/@privy-io/react-auth/dist/dts/types-B_DvyjIb.d.ts(1982,95): error TS2339: Property 'transactionScanning' does not exist on type '{ createOnLogin?: EmbeddedWalletCreateOnLoginConfig; ethereum?: { createOnLogin?: EmbeddedWalletCreateOnLoginConfig; }; ... 5 more ...; extendedCalldataDecoding?: boolean; }'.
node_modules/.pnpm/@privy-io+react-auth@2.25.0_45576ff035a76265f5fae64a94a64259/node_modules/@privy-io/react-auth/dist/dts/types-B_DvyjIb.d.ts(1999,51): error TS2339: Property '_render' does not exist on type 'PrivyClientConfig'.
node_modules/.pnpm/@reown+appkit-controllers@1_ee509e656505bb47970a65e4ce427cea/node_modules/@reown/appkit-controllers/dist/types/src/utils/ViemUtil.d.ts(4481,648): error TS2536: Type 'K' cannot be used to index type 'UnionRequiredBy<Extract<UnionOmit<ExtractChainFormatterParameters<DeriveChain<{ blockExplorers?: { [key: string]: { name: string; url: string; apiUrl?: string; }; default: { name: string; url: string; apiUrl?: string; }; }; blockTime?: number; contracts?: { [x: string]: ChainContract | { ...; }; ensRegistry?: ChainC...'.
node_modules/.pnpm/@reown+appkit@1.8.17_@types_48c2f4cbcce79f2b78d375c38ca086a7/node_modules/@reown/appkit/dist/types/src/utils/TypesUtil.d.ts(4,39): error TS2307: Cannot find module '@reown/appkit-siwe' or its corresponding type declarations.
node_modules/.pnpm/ofetch@1.5.1/node_modules/ofetch/dist/shared/ofetch.BbrTaNPp.d.mts(1,25): error TS2307: Cannot find module 'undici' or its corresponding type declarations.
node_modules/.pnpm/viem@2.45.1_bufferutil@4.1._d6ee0aa90004b9c9e48fde7a1673b4d9/node_modules/viem/_types/account-abstraction/clients/createBundlerClient.d.ts(68,209): error TS2344: Type 'undefined' does not satisfy the constraint 'never'.
  The intersection 'Client' was reduced to 'never' because property 'cacheTime' has conflicting types in some constituents.
node_modules/.pnpm/viem@2.45.1_bufferutil@4.1._d6ee0aa90004b9c9e48fde7a1673b4d9/node_modules/viem/_types/utils/abi/parseEventLogs.d.ts(22,308): error TS2344: Type 'eventName extends ContractEventName<abi>[] ? eventName[number] : eventName' does not satisfy the constraint 'ContractEventName<abi>'.
  Type 'eventName | eventName[number]' is not assignable to type 'ContractEventName<abi>'.
    Type 'eventName' is not assignable to type 'ContractEventName<abi>'.
      Type 'ContractEventName<abi> | ContractEventName<abi>[]' is not assignable to type 'ContractEventName<abi>'.
        Type 'ContractEventName<abi>[]' is not assignable to type 'ContractEventName<abi>'.
